<?xml version="1.0" encoding="UTF-8"?>
<testsuite name="edu.odu.cs.cs350.TestDocParser" tests="4" skipped="0" failures="0" errors="0" timestamp="2022-08-04T23:22:30" hostname="europa" time="0.086">
  <properties/>
  <testcase name="testImageExtractor()" classname="edu.odu.cs.cs350.TestDocParser" time="0.081"/>
  <testcase name="testLinkExtractor()" classname="edu.odu.cs.cs350.TestDocParser" time="0.001"/>
  <testcase name="testAnchorExtractor()" classname="edu.odu.cs.cs350.TestDocParser" time="0.001"/>
  <testcase name="testScriptExtractor()" classname="edu.odu.cs.cs350.TestDocParser" time="0.002"/>
  <system-out><![CDATA[]]></system-out>
  <system-err><![CDATA[]]></system-err>
</testsuite>
