<?xml version="1.0" encoding="UTF-8"?>
<testsuite name="edu.odu.cs.cs350.TestWriterSortingTest" tests="1" skipped="0" failures="0" errors="0" timestamp="2022-08-02T02:04:46" hostname="MANUEL-TAN" time="0.007">
  <properties/>
  <testcase name="testWriterSort()" classname="edu.odu.cs.cs350.TestWriterSortingTest" time="0.007"/>
  <system-out><![CDATA[]]></system-out>
  <system-err><![CDATA[]]></system-err>
</testsuite>
