<?xml version="1.0" encoding="UTF-8"?>
<testsuite name="edu.odu.cs.cs350.testWriterSortingTest" tests="1" skipped="0" failures="0" errors="0" timestamp="2022-07-29T03:16:58" hostname="MANUEL-TAN" time="0.006">
  <properties/>
  <testcase name="testWriterSort()" classname="edu.odu.cs.cs350.testWriterSortingTest" time="0.006"/>
  <system-out><![CDATA[]]></system-out>
  <system-err><![CDATA[]]></system-err>
</testsuite>
