<?xml version="1.0" encoding="UTF-8"?>
<testsuite name="edu.odu.cs.cs350.TestDocParser" tests="4" skipped="0" failures="0" errors="0" timestamp="2022-08-01T01:35:05" hostname="io" time="0.068">
  <properties/>
  <testcase name="testImageExtractor()" classname="edu.odu.cs.cs350.TestDocParser" time="0.061"/>
  <testcase name="testLinkExtractor()" classname="edu.odu.cs.cs350.TestDocParser" time="0.0"/>
  <testcase name="testAnchorExtractor()" classname="edu.odu.cs.cs350.TestDocParser" time="0.002"/>
  <testcase name="testScriptExtractor()" classname="edu.odu.cs.cs350.TestDocParser" time="0.0"/>
  <system-out><![CDATA[]]></system-out>
  <system-err><![CDATA[]]></system-err>
</testsuite>
