<?xml version="1.0" encoding="UTF-8"?>
<testsuite name="edu.odu.cs.cs350.WebTest" tests="4" skipped="0" failures="0" errors="0" timestamp="2022-08-04T23:22:30" hostname="europa" time="0.01">
  <properties/>
  <testcase name="testGetDirectoryList()" classname="edu.odu.cs.cs350.WebTest" time="0.006"/>
  <testcase name="testExamineDirectory()" classname="edu.odu.cs.cs350.WebTest" time="0.0"/>
  <testcase name="testGetFileList()" classname="edu.odu.cs.cs350.WebTest" time="0.001"/>
  <testcase name="testConstructor()" classname="edu.odu.cs.cs350.WebTest" time="0.001"/>
  <system-out><![CDATA[]]></system-out>
  <system-err><![CDATA[]]></system-err>
</testsuite>
