<?xml version="1.0" encoding="UTF-8"?>
<testsuite name="edu.odu.cs.cs350.TestDocParser" tests="4" skipped="0" failures="0" errors="0" timestamp="2022-08-02T02:04:46" hostname="MANUEL-TAN" time="0.076">
  <properties/>
  <testcase name="testImageExtractor()" classname="edu.odu.cs.cs350.TestDocParser" time="0.072"/>
  <testcase name="testLinkExtractor()" classname="edu.odu.cs.cs350.TestDocParser" time="0.0"/>
  <testcase name="testAnchorExtractor()" classname="edu.odu.cs.cs350.TestDocParser" time="0.001"/>
  <testcase name="testScriptExtractor()" classname="edu.odu.cs.cs350.TestDocParser" time="0.001"/>
  <system-out><![CDATA[]]></system-out>
  <system-err><![CDATA[]]></system-err>
</testsuite>
