<?xml version="1.0" encoding="UTF-8"?>
<testsuite name="edu.odu.cs.cs350.TestJson" tests="1" skipped="0" failures="0" errors="0" timestamp="2022-08-03T00:35:32" hostname="ganymede" time="0.02">
  <properties/>
  <testcase name="testJsonFileName()" classname="edu.odu.cs.cs350.TestJson" time="0.02"/>
  <system-out><![CDATA[]]></system-out>
  <system-err><![CDATA[]]></system-err>
</testsuite>
